<?xml version="1.0" encoding="UTF-8"?>
<testng-results ignored="0" total="1" passed="1" failed="0" skipped="0">
  <reporter-output>
  </reporter-output>
  <suite started-at="2024-06-06T07:15:47Z" name="Default suite" finished-at="2024-06-06T07:16:13Z" duration-ms="26336">
    <groups>
    </groups>
    <test started-at="2024-06-06T07:15:47Z" name="Default test" finished-at="2024-06-06T07:16:13Z" duration-ms="26336">
      <class name="test.AddCustomerTest">
        <test-method is-config="true" signature="readJson()[pri:0, instance:test.AddCustomerTest@38604b81]" started-at="2024-06-06T07:15:47Z" name="readJson" finished-at="2024-06-06T07:15:47Z" duration-ms="36" status="PASS">
          <reporter-output>
          </reporter-output>
        </test-method> <!-- readJson -->
        <test-method signature="userShouldBeAbleToCreateNewCustomer()[pri:0, instance:test.AddCustomerTest@38604b81]" started-at="2024-06-06T07:15:47Z" name="userShouldBeAbleToCreateNewCustomer" finished-at="2024-06-06T07:16:13Z" duration-ms="26278" status="PASS">
          <reporter-output>
          </reporter-output>
        </test-method> <!-- userShouldBeAbleToCreateNewCustomer -->
      </class> <!-- test.AddCustomerTest -->
    </test> <!-- Default test -->
  </suite> <!-- Default suite -->
</testng-results>
