<?xml version="1.0" encoding="UTF-8"?>
<testng-results ignored="0" total="1" passed="1" failed="0" skipped="0">
  <reporter-output>
  </reporter-output>
  <suite started-at="2024-07-03T21:52:44Z" name="Default suite" finished-at="2024-07-03T21:53:00Z" duration-ms="16042">
    <groups>
    </groups>
    <test started-at="2024-07-03T21:52:44Z" name="Default test" finished-at="2024-07-03T21:53:00Z" duration-ms="16042">
      <class name="test.LoginTest">
        <test-method is-config="true" signature="readJson()[pri:0, instance:test.LoginTest@6c0d7c83]" started-at="2024-07-03T21:52:44Z" name="readJson" finished-at="2024-07-03T21:52:44Z" duration-ms="27" status="PASS">
          <reporter-output>
          </reporter-output>
        </test-method> <!-- readJson -->
        <test-method signature="validUserShouldBeAbleToLogin()[pri:0, instance:test.LoginTest@6c0d7c83]" started-at="2024-07-03T21:52:44Z" name="validUserShouldBeAbleToLogin" finished-at="2024-07-03T21:53:00Z" duration-ms="15993" status="PASS">
          <reporter-output>
          </reporter-output>
        </test-method> <!-- validUserShouldBeAbleToLogin -->
      </class> <!-- test.LoginTest -->
    </test> <!-- Default test -->
  </suite> <!-- Default suite -->
</testng-results>
